[debug] [2023-07-15T19:06:22.770Z] ----------------------------------------------------------------------
[debug] [2023-07-15T19:06:22.772Z] Command:       C:\Program Files\nodejs\node.exe C:\Users\Lenovo\AppData\Roaming\npm\node_modules\firebase-tools\lib\bin\firebase.js emulators:start
[debug] [2023-07-15T19:06:22.772Z] CLI Version:   12.4.3
[debug] [2023-07-15T19:06:22.773Z] Platform:      win32
[debug] [2023-07-15T19:06:22.773Z] Node Version:  v16.15.1
[debug] [2023-07-15T19:06:22.778Z] Time:          Sun Jul 16 2023 00:36:22 GMT+0530 (India Standard Time)
[debug] [2023-07-15T19:06:22.778Z] ----------------------------------------------------------------------
[debug] 
[debug] [2023-07-15T19:06:22.863Z] > command requires scopes: ["email","openid","https://www.googleapis.com/auth/cloudplatformprojects.readonly","https://www.googleapis.com/auth/firebase","https://www.googleapis.com/auth/cloud-platform"]
[debug] [2023-07-15T19:06:22.864Z] > authorizing via signed-in user (om3011gavhane@gmail.com)
[info] i  emulators: Starting emulators: functions, hosting {"metadata":{"emulator":{"name":"hub"},"message":"Starting emulators: functions, hosting"}}
[debug] [2023-07-15T19:06:22.879Z] [logging] Logging Emulator only supports listening on one address (127.0.0.1). Not listening on ::1
[debug] [2023-07-15T19:06:22.879Z] [hosting] Hosting Emulator only supports listening on one address (127.0.0.1). Not listening on ::1
[debug] [2023-07-15T19:06:22.879Z] assigned listening specs for emulators {"user":{"hub":[{"address":"127.0.0.1","family":"IPv4","port":4400},{"address":"::1","family":"IPv6","port":4400}],"ui":[{"address":"127.0.0.1","family":"IPv4","port":4000},{"address":"::1","family":"IPv6","port":4000}],"logging":[{"address":"127.0.0.1","family":"IPv4","port":4500}],"hosting":[{"address":"127.0.0.1","family":"IPv4","port":5000}]},"metadata":{"message":"assigned listening specs for emulators"}}
[debug] [2023-07-15T19:06:22.892Z] [hub] writing locator at C:\Users\Lenovo\AppData\Local\Temp\hub-clone-6ddb3.json
[debug] [2023-07-15T19:06:22.918Z] [functions] Functions Emulator only supports listening on one address (127.0.0.1). Not listening on ::1
[debug] [2023-07-15T19:06:22.918Z] [eventarc] Eventarc Emulator only supports listening on one address (127.0.0.1). Not listening on ::1
[debug] [2023-07-15T19:06:22.918Z] late-assigned ports for functions and eventarc emulators {"user":{"hub":[{"address":"127.0.0.1","family":"IPv4","port":4400},{"address":"::1","family":"IPv6","port":4400}],"ui":[{"address":"127.0.0.1","family":"IPv4","port":4000},{"address":"::1","family":"IPv6","port":4000}],"logging":[{"address":"127.0.0.1","family":"IPv4","port":4500}],"hosting":[{"address":"127.0.0.1","family":"IPv4","port":5000}],"functions":[{"address":"127.0.0.1","family":"IPv4","port":5001}],"eventarc":[{"address":"127.0.0.1","family":"IPv4","port":9299}]},"metadata":{"message":"late-assigned ports for functions and eventarc emulators"}}
[warn] !  functions: The following emulators are not running, calls to these services from the Functions emulator will affect production: auth, firestore, database, pubsub, storage {"metadata":{"emulator":{"name":"functions"},"message":"The following emulators are not running, calls to these services from the Functions emulator will affect production: \u001b[1mauth, firestore, database, pubsub, storage\u001b[22m"}}
[debug] [2023-07-15T19:06:22.924Z] defaultcredentials: writing to file C:\Users\Lenovo\AppData\Roaming\firebase\om3011gavhane_gmail_com_application_default_credentials.json
[debug] [2023-07-15T19:06:22.928Z] Setting GAC to C:\Users\Lenovo\AppData\Roaming\firebase\om3011gavhane_gmail_com_application_default_credentials.json {"metadata":{"emulator":{"name":"functions"},"message":"Setting GAC to C:\\Users\\Lenovo\\AppData\\Roaming\\firebase\\om3011gavhane_gmail_com_application_default_credentials.json"}}
[debug] [2023-07-15T19:06:22.932Z] >>> [apiv2][query] GET https://firebase.googleapis.com/v1beta1/projects/clone-6ddb3/adminSdkConfig [none]
[debug] [2023-07-15T19:06:23.749Z] <<< [apiv2][status] GET https://firebase.googleapis.com/v1beta1/projects/clone-6ddb3/adminSdkConfig 200
[debug] [2023-07-15T19:06:23.749Z] <<< [apiv2][body] GET https://firebase.googleapis.com/v1beta1/projects/clone-6ddb3/adminSdkConfig {"projectId":"clone-6ddb3","storageBucket":"clone-6ddb3.appspot.com"}
[debug] [2023-07-15T19:06:23.761Z] >>> [apiv2][query] GET https://firebasehosting.googleapis.com/v1beta1/projects/clone-6ddb3/sites 
[debug] [2023-07-15T19:06:24.980Z] <<< [apiv2][status] GET https://firebasehosting.googleapis.com/v1beta1/projects/clone-6ddb3/sites 200
[debug] [2023-07-15T19:06:24.980Z] <<< [apiv2][body] GET https://firebasehosting.googleapis.com/v1beta1/projects/clone-6ddb3/sites {"sites":[{"name":"projects/clone-6ddb3/sites/clone-6ddb3","defaultUrl":"https://clone-6ddb3.web.app","appId":"1:993021087852:web:2f16c81d60a7d5a37b4849","type":"DEFAULT_SITE"}]}
[debug] [2023-07-15T19:06:24.981Z] >>> [apiv2][query] GET https://firebase.googleapis.com/v1beta1/projects/clone-6ddb3/webApps/1:993021087852:web:2f16c81d60a7d5a37b4849/config [none]
[debug] [2023-07-15T19:06:26.275Z] <<< [apiv2][status] GET https://firebase.googleapis.com/v1beta1/projects/clone-6ddb3/webApps/1:993021087852:web:2f16c81d60a7d5a37b4849/config 200
[debug] [2023-07-15T19:06:26.275Z] <<< [apiv2][body] GET https://firebase.googleapis.com/v1beta1/projects/clone-6ddb3/webApps/1:993021087852:web:2f16c81d60a7d5a37b4849/config {"projectId":"clone-6ddb3","appId":"1:993021087852:web:2f16c81d60a7d5a37b4849","storageBucket":"clone-6ddb3.appspot.com","apiKey":"AIzaSyCF9eVnj9xiJmjDdGeT7jkn2-ereBBB0nI","authDomain":"clone-6ddb3.firebaseapp.com","messagingSenderId":"993021087852","measurementId":"G-QDRNJ0LD2Y"}
[debug] [2023-07-15T19:06:26.283Z] >>> [apiv2][query] GET https://firebase.googleapis.com/v1beta1/projects/clone-6ddb3 [none]
[debug] [2023-07-15T19:06:26.677Z] <<< [apiv2][status] GET https://firebase.googleapis.com/v1beta1/projects/clone-6ddb3 200
[debug] [2023-07-15T19:06:26.677Z] <<< [apiv2][body] GET https://firebase.googleapis.com/v1beta1/projects/clone-6ddb3 {"projectId":"clone-6ddb3","projectNumber":"993021087852","displayName":"Amazon Clone","name":"projects/clone-6ddb3","resources":{"hostingSite":"clone-6ddb3"},"state":"ACTIVE","etag":"1_cdb68ea3-2b82-4fa9-9155-24b9cded14dd"}
[info] i  hosting[clone-6ddb3]: Serving hosting files from: build {"metadata":{"emulator":{"name":"hosting"},"message":"Serving hosting files from: \u001b[1mbuild\u001b[22m"}}
[info] +  hosting[clone-6ddb3]: Local server: http://127.0.0.1:5000 {"metadata":{"emulator":{"name":"hosting"},"message":"Local server: \u001b[4m\u001b[1mhttp://127.0.0.1:5000\u001b[22m\u001b[24m"}}
[info] i  ui: downloading ui-v1.11.7.zip... {"metadata":{"emulator":{"name":"ui"},"message":"downloading ui-v1.11.7.zip..."}}
[debug] [2023-07-15T19:06:26.712Z] >>> [apiv2][query] GET https://storage.googleapis.com/firebase-preview-drop/emulator/ui-v1.11.7.zip 
[debug] [2023-07-15T19:06:26.810Z] <<< [apiv2][status] GET https://storage.googleapis.com/firebase-preview-drop/emulator/ui-v1.11.7.zip 200
[debug] [2023-07-15T19:06:26.810Z] <<< [apiv2][body] GET https://storage.googleapis.com/firebase-preview-drop/emulator/ui-v1.11.7.zip [stream]
[debug] [2023-07-15T19:06:27.160Z] Data is 3064105
[debug] [2023-07-15T19:06:27.160Z] [unzip] Entry: client/ (compressed_size=0 bytes, uncompressed_size=0 bytes)
[debug] [2023-07-15T19:06:27.160Z] [unzip] Processing entry: client\
[debug] [2023-07-15T19:06:27.160Z] [unzip] mkdir: C:\Users\Lenovo\.cache\firebase\emulators\ui-v1.11.7\client\
[debug] [2023-07-15T19:06:27.161Z] [unzip] Entry: client/favicon.ico (compressed_size=2497 bytes, uncompressed_size=7406 bytes)
[debug] [2023-07-15T19:06:27.161Z] [unzip] Processing entry: client\favicon.ico
[debug] [2023-07-15T19:06:27.161Z] [unzip] else mkdir: C:\Users\Lenovo\.cache\firebase\emulators\ui-v1.11.7\client
[debug] [2023-07-15T19:06:27.162Z] [unzip] deflating: C:\Users\Lenovo\.cache\firebase\emulators\ui-v1.11.7\client\favicon.ico
[debug] [2023-07-15T19:06:27.164Z] [unzip] Entry: client/apple-touch-icon.png (compressed_size=7231 bytes, uncompressed_size=7367 bytes)
[debug] [2023-07-15T19:06:27.164Z] [unzip] Processing entry: client\apple-touch-icon.png
[debug] [2023-07-15T19:06:27.164Z] [unzip] else mkdir: C:\Users\Lenovo\.cache\firebase\emulators\ui-v1.11.7\client
[debug] [2023-07-15T19:06:27.165Z] [unzip] deflating: C:\Users\Lenovo\.cache\firebase\emulators\ui-v1.11.7\client\apple-touch-icon.png
[debug] [2023-07-15T19:06:27.166Z] [unzip] Entry: client/android-chrome-512x512.png (compressed_size=16987 bytes, uncompressed_size=18186 bytes)
[debug] [2023-07-15T19:06:27.166Z] [unzip] Processing entry: client\android-chrome-512x512.png
[debug] [2023-07-15T19:06:27.166Z] [unzip] else mkdir: C:\Users\Lenovo\.cache\firebase\emulators\ui-v1.11.7\client
[debug] [2023-07-15T19:06:27.167Z] [unzip] deflating: C:\Users\Lenovo\.cache\firebase\emulators\ui-v1.11.7\client\android-chrome-512x512.png
[debug] [2023-07-15T19:06:27.168Z] [unzip] Entry: client/assets/ (compressed_size=0 bytes, uncompressed_size=0 bytes)
[debug] [2023-07-15T19:06:27.169Z] [unzip] Processing entry: client\assets\
[debug] [2023-07-15T19:06:27.169Z] [unzip] mkdir: C:\Users\Lenovo\.cache\firebase\emulators\ui-v1.11.7\client\assets\
[debug] [2023-07-15T19:06:27.170Z] [unzip] Entry: client/assets/extensions/ (compressed_size=0 bytes, uncompressed_size=0 bytes)
[debug] [2023-07-15T19:06:27.170Z] [unzip] Processing entry: client\assets\extensions\
[debug] [2023-07-15T19:06:27.170Z] [unzip] mkdir: C:\Users\Lenovo\.cache\firebase\emulators\ui-v1.11.7\client\assets\extensions\
[debug] [2023-07-15T19:06:27.171Z] [unzip] Entry: client/assets/extensions/default-extension.png (compressed_size=1646 bytes, uncompressed_size=1657 bytes)
[debug] [2023-07-15T19:06:27.171Z] [unzip] Processing entry: client\assets\extensions\default-extension.png
[debug] [2023-07-15T19:06:27.171Z] [unzip] else mkdir: C:\Users\Lenovo\.cache\firebase\emulators\ui-v1.11.7\client\assets\extensions
[debug] [2023-07-15T19:06:27.171Z] [unzip] deflating: C:\Users\Lenovo\.cache\firebase\emulators\ui-v1.11.7\client\assets\extensions\default-extension.png
[debug] [2023-07-15T19:06:27.173Z] [unzip] Entry: client/assets/index.58ca09f7.css (compressed_size=37601 bytes, uncompressed_size=321252 bytes)
[debug] [2023-07-15T19:06:27.173Z] [unzip] Processing entry: client\assets\index.58ca09f7.css
[debug] [2023-07-15T19:06:27.173Z] [unzip] else mkdir: C:\Users\Lenovo\.cache\firebase\emulators\ui-v1.11.7\client\assets
[debug] [2023-07-15T19:06:27.174Z] [unzip] deflating: C:\Users\Lenovo\.cache\firebase\emulators\ui-v1.11.7\client\assets\index.58ca09f7.css
[debug] [2023-07-15T19:06:27.176Z] [unzip] Entry: client/assets/index.c2583d42.js (compressed_size=526232 bytes, uncompressed_size=1860152 bytes)
[debug] [2023-07-15T19:06:27.177Z] [unzip] Processing entry: client\assets\index.c2583d42.js
[debug] [2023-07-15T19:06:27.177Z] [unzip] else mkdir: C:\Users\Lenovo\.cache\firebase\emulators\ui-v1.11.7\client\assets
[debug] [2023-07-15T19:06:27.177Z] [unzip] deflating: C:\Users\Lenovo\.cache\firebase\emulators\ui-v1.11.7\client\assets\index.c2583d42.js
[debug] [2023-07-15T19:06:27.190Z] [unzip] Entry: client/assets/provider-icons/ (compressed_size=0 bytes, uncompressed_size=0 bytes)
[debug] [2023-07-15T19:06:27.190Z] [unzip] Processing entry: client\assets\provider-icons\
[debug] [2023-07-15T19:06:27.190Z] [unzip] mkdir: C:\Users\Lenovo\.cache\firebase\emulators\ui-v1.11.7\client\assets\provider-icons\
[debug] [2023-07-15T19:06:27.191Z] [unzip] Entry: client/assets/provider-icons/auth_service_oidc.svg (compressed_size=414 bytes, uncompressed_size=858 bytes)
[debug] [2023-07-15T19:06:27.191Z] [unzip] Processing entry: client\assets\provider-icons\auth_service_oidc.svg
[debug] [2023-07-15T19:06:27.191Z] [unzip] else mkdir: C:\Users\Lenovo\.cache\firebase\emulators\ui-v1.11.7\client\assets\provider-icons
[debug] [2023-07-15T19:06:27.191Z] [unzip] deflating: C:\Users\Lenovo\.cache\firebase\emulators\ui-v1.11.7\client\assets\provider-icons\auth_service_oidc.svg
[debug] [2023-07-15T19:06:27.192Z] [unzip] Entry: client/assets/provider-icons/auth_service_yahoo.svg (compressed_size=577 bytes, uncompressed_size=1182 bytes)
[debug] [2023-07-15T19:06:27.192Z] [unzip] Processing entry: client\assets\provider-icons\auth_service_yahoo.svg
[debug] [2023-07-15T19:06:27.192Z] [unzip] else mkdir: C:\Users\Lenovo\.cache\firebase\emulators\ui-v1.11.7\client\assets\provider-icons
[debug] [2023-07-15T19:06:27.192Z] [unzip] deflating: C:\Users\Lenovo\.cache\firebase\emulators\ui-v1.11.7\client\assets\provider-icons\auth_service_yahoo.svg
[debug] [2023-07-15T19:06:27.193Z] [unzip] Entry: client/assets/provider-icons/auth_service_phone.svg (compressed_size=261 bytes, uncompressed_size=414 bytes)
[debug] [2023-07-15T19:06:27.193Z] [unzip] Processing entry: client\assets\provider-icons\auth_service_phone.svg
[debug] [2023-07-15T19:06:27.193Z] [unzip] else mkdir: C:\Users\Lenovo\.cache\firebase\emulators\ui-v1.11.7\client\assets\provider-icons
[debug] [2023-07-15T19:06:27.194Z] [unzip] deflating: C:\Users\Lenovo\.cache\firebase\emulators\ui-v1.11.7\client\assets\provider-icons\auth_service_phone.svg
[debug] [2023-07-15T19:06:27.195Z] [unzip] Entry: client/assets/provider-icons/auth_service_saml.svg (compressed_size=575 bytes, uncompressed_size=1226 bytes)
[debug] [2023-07-15T19:06:27.195Z] [unzip] Processing entry: client\assets\provider-icons\auth_service_saml.svg
[debug] [2023-07-15T19:06:27.195Z] [unzip] else mkdir: C:\Users\Lenovo\.cache\firebase\emulators\ui-v1.11.7\client\assets\provider-icons
[debug] [2023-07-15T19:06:27.195Z] [unzip] deflating: C:\Users\Lenovo\.cache\firebase\emulators\ui-v1.11.7\client\assets\provider-icons\auth_service_saml.svg
[debug] [2023-07-15T19:06:27.196Z] [unzip] Entry: client/assets/provider-icons/auth_service_mslive.svg (compressed_size=203 bytes, uncompressed_size=378 bytes)
[debug] [2023-07-15T19:06:27.196Z] [unzip] Processing entry: client\assets\provider-icons\auth_service_mslive.svg
[debug] [2023-07-15T19:06:27.196Z] [unzip] else mkdir: C:\Users\Lenovo\.cache\firebase\emulators\ui-v1.11.7\client\assets\provider-icons
[debug] [2023-07-15T19:06:27.197Z] [unzip] deflating: C:\Users\Lenovo\.cache\firebase\emulators\ui-v1.11.7\client\assets\provider-icons\auth_service_mslive.svg
[debug] [2023-07-15T19:06:27.197Z] [unzip] Entry: client/assets/provider-icons/auth_service_facebook.svg (compressed_size=289 bytes, uncompressed_size=457 bytes)
[debug] [2023-07-15T19:06:27.198Z] [unzip] Processing entry: client\assets\provider-icons\auth_service_facebook.svg
[debug] [2023-07-15T19:06:27.198Z] [unzip] else mkdir: C:\Users\Lenovo\.cache\firebase\emulators\ui-v1.11.7\client\assets\provider-icons
[debug] [2023-07-15T19:06:27.198Z] [unzip] deflating: C:\Users\Lenovo\.cache\firebase\emulators\ui-v1.11.7\client\assets\provider-icons\auth_service_facebook.svg
[debug] [2023-07-15T19:06:27.199Z] [unzip] Entry: client/assets/provider-icons/auth_service_play_games.svg (compressed_size=565 bytes, uncompressed_size=1173 bytes)
[debug] [2023-07-15T19:06:27.199Z] [unzip] Processing entry: client\assets\provider-icons\auth_service_play_games.svg
[debug] [2023-07-15T19:06:27.199Z] [unzip] else mkdir: C:\Users\Lenovo\.cache\firebase\emulators\ui-v1.11.7\client\assets\provider-icons
[debug] [2023-07-15T19:06:27.199Z] [unzip] deflating: C:\Users\Lenovo\.cache\firebase\emulators\ui-v1.11.7\client\assets\provider-icons\auth_service_play_games.svg
[debug] [2023-07-15T19:06:27.201Z] [unzip] Entry: client/assets/provider-icons/auth_service_github.svg (compressed_size=466 bytes, uncompressed_size=838 bytes)
[debug] [2023-07-15T19:06:27.201Z] [unzip] Processing entry: client\assets\provider-icons\auth_service_github.svg
[debug] [2023-07-15T19:06:27.201Z] [unzip] else mkdir: C:\Users\Lenovo\.cache\firebase\emulators\ui-v1.11.7\client\assets\provider-icons
[debug] [2023-07-15T19:06:27.201Z] [unzip] deflating: C:\Users\Lenovo\.cache\firebase\emulators\ui-v1.11.7\client\assets\provider-icons\auth_service_github.svg
[debug] [2023-07-15T19:06:27.202Z] [unzip] Entry: client/assets/provider-icons/auth_service_apple.svg (compressed_size=230 bytes, uncompressed_size=334 bytes)
[debug] [2023-07-15T19:06:27.203Z] [unzip] Processing entry: client\assets\provider-icons\auth_service_apple.svg
[debug] [2023-07-15T19:06:27.203Z] [unzip] else mkdir: C:\Users\Lenovo\.cache\firebase\emulators\ui-v1.11.7\client\assets\provider-icons
[debug] [2023-07-15T19:06:27.203Z] [unzip] deflating: C:\Users\Lenovo\.cache\firebase\emulators\ui-v1.11.7\client\assets\provider-icons\auth_service_apple.svg
[debug] [2023-07-15T19:06:27.204Z] [unzip] Entry: client/assets/provider-icons/auth_service_google.svg (compressed_size=409 bytes, uncompressed_size=720 bytes)
[debug] [2023-07-15T19:06:27.204Z] [unzip] Processing entry: client\assets\provider-icons\auth_service_google.svg
[debug] [2023-07-15T19:06:27.204Z] [unzip] else mkdir: C:\Users\Lenovo\.cache\firebase\emulators\ui-v1.11.7\client\assets\provider-icons
[debug] [2023-07-15T19:06:27.205Z] [unzip] deflating: C:\Users\Lenovo\.cache\firebase\emulators\ui-v1.11.7\client\assets\provider-icons\auth_service_google.svg
[debug] [2023-07-15T19:06:27.206Z] [unzip] Entry: client/assets/provider-icons/auth_service_email.svg (compressed_size=228 bytes, uncompressed_size=326 bytes)
[debug] [2023-07-15T19:06:27.206Z] [unzip] Processing entry: client\assets\provider-icons\auth_service_email.svg
[debug] [2023-07-15T19:06:27.206Z] [unzip] else mkdir: C:\Users\Lenovo\.cache\firebase\emulators\ui-v1.11.7\client\assets\provider-icons
[debug] [2023-07-15T19:06:27.206Z] [unzip] deflating: C:\Users\Lenovo\.cache\firebase\emulators\ui-v1.11.7\client\assets\provider-icons\auth_service_email.svg
[debug] [2023-07-15T19:06:27.207Z] [unzip] Entry: client/assets/provider-icons/auth_service_twitter.svg (compressed_size=444 bytes, uncompressed_size=751 bytes)
[debug] [2023-07-15T19:06:27.207Z] [unzip] Processing entry: client\assets\provider-icons\auth_service_twitter.svg
[debug] [2023-07-15T19:06:27.207Z] [unzip] else mkdir: C:\Users\Lenovo\.cache\firebase\emulators\ui-v1.11.7\client\assets\provider-icons
[debug] [2023-07-15T19:06:27.207Z] [unzip] deflating: C:\Users\Lenovo\.cache\firebase\emulators\ui-v1.11.7\client\assets\provider-icons\auth_service_twitter.svg
[debug] [2023-07-15T19:06:27.208Z] [unzip] Entry: client/assets/provider-icons/auth_service_game_center.svg (compressed_size=991 bytes, uncompressed_size=3921 bytes)
[debug] [2023-07-15T19:06:27.208Z] [unzip] Processing entry: client\assets\provider-icons\auth_service_game_center.svg
[debug] [2023-07-15T19:06:27.208Z] [unzip] else mkdir: C:\Users\Lenovo\.cache\firebase\emulators\ui-v1.11.7\client\assets\provider-icons
[debug] [2023-07-15T19:06:27.208Z] [unzip] deflating: C:\Users\Lenovo\.cache\firebase\emulators\ui-v1.11.7\client\assets\provider-icons\auth_service_game_center.svg
[debug] [2023-07-15T19:06:27.209Z] [unzip] Entry: client/assets/index.c2583d42.js.map (compressed_size=1778557 bytes, uncompressed_size=7961927 bytes)
[debug] [2023-07-15T19:06:27.209Z] [unzip] Processing entry: client\assets\index.c2583d42.js.map
[debug] [2023-07-15T19:06:27.209Z] [unzip] else mkdir: C:\Users\Lenovo\.cache\firebase\emulators\ui-v1.11.7\client\assets
[debug] [2023-07-15T19:06:27.209Z] [unzip] deflating: C:\Users\Lenovo\.cache\firebase\emulators\ui-v1.11.7\client\assets\index.c2583d42.js.map
[debug] [2023-07-15T19:06:27.256Z] [unzip] Entry: client/assets/img/ (compressed_size=0 bytes, uncompressed_size=0 bytes)
[debug] [2023-07-15T19:06:27.257Z] [unzip] Processing entry: client\assets\img\
[debug] [2023-07-15T19:06:27.257Z] [unzip] mkdir: C:\Users\Lenovo\.cache\firebase\emulators\ui-v1.11.7\client\assets\img\
[debug] [2023-07-15T19:06:27.257Z] [unzip] Entry: client/assets/img/database.png (compressed_size=29449 bytes, uncompressed_size=29988 bytes)
[debug] [2023-07-15T19:06:27.257Z] [unzip] Processing entry: client\assets\img\database.png
[debug] [2023-07-15T19:06:27.257Z] [unzip] else mkdir: C:\Users\Lenovo\.cache\firebase\emulators\ui-v1.11.7\client\assets\img
[debug] [2023-07-15T19:06:27.258Z] [unzip] deflating: C:\Users\Lenovo\.cache\firebase\emulators\ui-v1.11.7\client\assets\img\database.png
[debug] [2023-07-15T19:06:27.259Z] [unzip] Entry: client/safari-pinned-tab.svg (compressed_size=838 bytes, uncompressed_size=1504 bytes)
[debug] [2023-07-15T19:06:27.259Z] [unzip] Processing entry: client\safari-pinned-tab.svg
[debug] [2023-07-15T19:06:27.259Z] [unzip] else mkdir: C:\Users\Lenovo\.cache\firebase\emulators\ui-v1.11.7\client
[debug] [2023-07-15T19:06:27.259Z] [unzip] deflating: C:\Users\Lenovo\.cache\firebase\emulators\ui-v1.11.7\client\safari-pinned-tab.svg
[debug] [2023-07-15T19:06:27.260Z] [unzip] Entry: client/mstile-150x150.png (compressed_size=5406 bytes, uncompressed_size=5723 bytes)
[debug] [2023-07-15T19:06:27.261Z] [unzip] Processing entry: client\mstile-150x150.png
[debug] [2023-07-15T19:06:27.261Z] [unzip] else mkdir: C:\Users\Lenovo\.cache\firebase\emulators\ui-v1.11.7\client
[debug] [2023-07-15T19:06:27.261Z] [unzip] deflating: C:\Users\Lenovo\.cache\firebase\emulators\ui-v1.11.7\client\mstile-150x150.png
[debug] [2023-07-15T19:06:27.262Z] [unzip] Entry: client/browserconfig.xml (compressed_size=491 bytes, uncompressed_size=822 bytes)
[debug] [2023-07-15T19:06:27.262Z] [unzip] Processing entry: client\browserconfig.xml
[debug] [2023-07-15T19:06:27.262Z] [unzip] else mkdir: C:\Users\Lenovo\.cache\firebase\emulators\ui-v1.11.7\client
[debug] [2023-07-15T19:06:27.262Z] [unzip] deflating: C:\Users\Lenovo\.cache\firebase\emulators\ui-v1.11.7\client\browserconfig.xml
[debug] [2023-07-15T19:06:27.263Z] [unzip] Entry: client/robots.txt (compressed_size=26 bytes, uncompressed_size=26 bytes)
[debug] [2023-07-15T19:06:27.263Z] [unzip] Processing entry: client\robots.txt
[debug] [2023-07-15T19:06:27.263Z] [unzip] else mkdir: C:\Users\Lenovo\.cache\firebase\emulators\ui-v1.11.7\client
[debug] [2023-07-15T19:06:27.263Z] [unzip] Writing file: C:\Users\Lenovo\.cache\firebase\emulators\ui-v1.11.7\client\robots.txt
[debug] [2023-07-15T19:06:27.264Z] [unzip] Entry: client/index.html (compressed_size=1363 bytes, uncompressed_size=3064 bytes)
[debug] [2023-07-15T19:06:27.264Z] [unzip] Processing entry: client\index.html
[debug] [2023-07-15T19:06:27.264Z] [unzip] else mkdir: C:\Users\Lenovo\.cache\firebase\emulators\ui-v1.11.7\client
[debug] [2023-07-15T19:06:27.264Z] [unzip] deflating: C:\Users\Lenovo\.cache\firebase\emulators\ui-v1.11.7\client\index.html
[debug] [2023-07-15T19:06:27.265Z] [unzip] Entry: client/favicon-16x16.png (compressed_size=757 bytes, uncompressed_size=777 bytes)
[debug] [2023-07-15T19:06:27.265Z] [unzip] Processing entry: client\favicon-16x16.png
[debug] [2023-07-15T19:06:27.265Z] [unzip] else mkdir: C:\Users\Lenovo\.cache\firebase\emulators\ui-v1.11.7\client
[debug] [2023-07-15T19:06:27.265Z] [unzip] deflating: C:\Users\Lenovo\.cache\firebase\emulators\ui-v1.11.7\client\favicon-16x16.png
[debug] [2023-07-15T19:06:27.267Z] [unzip] Entry: client/manifest.json (compressed_size=246 bytes, uncompressed_size=551 bytes)
[debug] [2023-07-15T19:06:27.267Z] [unzip] Processing entry: client\manifest.json
[debug] [2023-07-15T19:06:27.267Z] [unzip] else mkdir: C:\Users\Lenovo\.cache\firebase\emulators\ui-v1.11.7\client
[debug] [2023-07-15T19:06:27.267Z] [unzip] deflating: C:\Users\Lenovo\.cache\firebase\emulators\ui-v1.11.7\client\manifest.json
[debug] [2023-07-15T19:06:27.269Z] [unzip] Entry: client/favicon-32x32.png (compressed_size=1175 bytes, uncompressed_size=1175 bytes)
[debug] [2023-07-15T19:06:27.269Z] [unzip] Processing entry: client\favicon-32x32.png
[debug] [2023-07-15T19:06:27.269Z] [unzip] else mkdir: C:\Users\Lenovo\.cache\firebase\emulators\ui-v1.11.7\client
[debug] [2023-07-15T19:06:27.269Z] [unzip] Writing file: C:\Users\Lenovo\.cache\firebase\emulators\ui-v1.11.7\client\favicon-32x32.png
[debug] [2023-07-15T19:06:27.270Z] [unzip] Entry: client/android-chrome-192x192.png (compressed_size=7602 bytes, uncompressed_size=7834 bytes)
[debug] [2023-07-15T19:06:27.270Z] [unzip] Processing entry: client\android-chrome-192x192.png
[debug] [2023-07-15T19:06:27.270Z] [unzip] else mkdir: C:\Users\Lenovo\.cache\firebase\emulators\ui-v1.11.7\client
[debug] [2023-07-15T19:06:27.270Z] [unzip] deflating: C:\Users\Lenovo\.cache\firebase\emulators\ui-v1.11.7\client\android-chrome-192x192.png
[debug] [2023-07-15T19:06:27.271Z] [unzip] Entry: server/ (compressed_size=0 bytes, uncompressed_size=0 bytes)
[debug] [2023-07-15T19:06:27.272Z] [unzip] Processing entry: server\
[debug] [2023-07-15T19:06:27.272Z] [unzip] mkdir: C:\Users\Lenovo\.cache\firebase\emulators\ui-v1.11.7\server\
[debug] [2023-07-15T19:06:27.272Z] [unzip] Entry: server/server.js (compressed_size=343746 bytes, uncompressed_size=1346374 bytes)
[debug] [2023-07-15T19:06:27.272Z] [unzip] Processing entry: server\server.js
[debug] [2023-07-15T19:06:27.272Z] [unzip] else mkdir: C:\Users\Lenovo\.cache\firebase\emulators\ui-v1.11.7\server
[debug] [2023-07-15T19:06:27.272Z] [unzip] deflating: C:\Users\Lenovo\.cache\firebase\emulators\ui-v1.11.7\server\server.js
[debug] [2023-07-15T19:06:27.280Z] [unzip] Entry: server/server.js.map (compressed_size=289157 bytes, uncompressed_size=1325651 bytes)
[debug] [2023-07-15T19:06:27.280Z] [unzip] Processing entry: server\server.js.map
[debug] [2023-07-15T19:06:27.280Z] [unzip] else mkdir: C:\Users\Lenovo\.cache\firebase\emulators\ui-v1.11.7\server
[debug] [2023-07-15T19:06:27.280Z] [unzip] deflating: C:\Users\Lenovo\.cache\firebase\emulators\ui-v1.11.7\server\server.js.map
[debug] [2023-07-15T19:06:27.290Z] Ignoring unsupported arg: auto_download {"metadata":{"emulator":{"name":"ui"},"message":"Ignoring unsupported arg: auto_download"}}
[debug] [2023-07-15T19:06:27.290Z] Ignoring unsupported arg: port {"metadata":{"emulator":{"name":"ui"},"message":"Ignoring unsupported arg: port"}}
[debug] [2023-07-15T19:06:27.290Z] Starting Emulator UI with command {"binary":"node","args":["C:\\Users\\Lenovo\\.cache\\firebase\\emulators\\ui-v1.11.7\\server\\server.js"],"optionalArgs":[],"joinArgs":false} {"metadata":{"emulator":{"name":"ui"},"message":"Starting Emulator UI with command {\"binary\":\"node\",\"args\":[\"C:\\\\Users\\\\Lenovo\\\\.cache\\\\firebase\\\\emulators\\\\ui-v1.11.7\\\\server\\\\server.js\"],\"optionalArgs\":[],\"joinArgs\":false}"}}
[info] i  ui: Emulator UI logging to ui-debug.log {"metadata":{"emulator":{"name":"ui"},"message":"Emulator UI logging to \u001b[1mui-debug.log\u001b[22m"}}
[debug] [2023-07-15T19:06:27.439Z] Web / API server started at 127.0.0.1:4000
 {"metadata":{"emulator":{"name":"ui"},"message":"Web / API server started at 127.0.0.1:4000\n"}}
[debug] [2023-07-15T19:06:27.439Z] Web / API server started at ::1:4000
 {"metadata":{"emulator":{"name":"ui"},"message":"Web / API server started at ::1:4000\n"}}
[info] i  functions: Watching "D:\Programming\ReactProjects\myapp\functions" for Cloud Functions... {"metadata":{"emulator":{"name":"functions"},"message":"Watching \"D:\\Programming\\ReactProjects\\myapp\\functions\" for Cloud Functions..."}}
[debug] [2023-07-15T19:06:27.563Z] Validating nodejs source
[debug] [2023-07-15T19:06:28.731Z] > [functions] package.json contents: {
  "name": "functions",
  "description": "Cloud Functions for Firebase",
  "scripts": {
    "lint": "eslint .",
    "serve": "firebase emulators:start --only functions",
    "shell": "firebase functions:shell",
    "start": "npm run shell",
    "deploy": "firebase deploy --only functions",
    "logs": "firebase functions:log"
  },
  "engines": {
    "node": "18"
  },
  "main": "index.js",
  "dependencies": {
    "express": "^4.18.2",
    "firebase-admin": "^11.8.0",
    "firebase-functions": "^4.3.1",
    "stripe": "^12.13.0"
  },
  "devDependencies": {
    "eslint": "^8.15.0",
    "eslint-config-google": "^0.14.0",
    "firebase-functions-test": "^3.1.0"
  },
  "private": true
}
[debug] [2023-07-15T19:06:28.731Z] Building nodejs source
[debug] [2023-07-15T19:06:28.731Z] Failed to find version of module node: reached end of search path D:\Programming\ReactProjects\myapp\functions\node_modules
[warn] !  functions: Your requested "node" version "18" doesn't match your global version "16". Using node@16 from host. 
[debug] [2023-07-15T19:06:28.735Z] Could not find functions.yaml. Must use http discovery
[debug] [2023-07-15T19:06:28.744Z] Found firebase-functions binary at 'D:\Programming\ReactProjects\myapp\functions\node_modules\.bin\firebase-functions'
[info] Serving at port 8197

[debug] [2023-07-15T19:06:29.522Z] Got response from /__/functions.yaml {"endpoints":{"api":{"platform":"gcfv1","availableMemoryMb":null,"timeoutSeconds":null,"minInstances":null,"maxInstances":null,"ingressSettings":null,"serviceAccountEmail":null,"vpc":null,"httpsTrigger":{},"entryPoint":"api"}},"specVersion":"v1alpha1","requiredAPIs":[]}
[info] shutdown requested via /__/quitquitquit

[info] +  functions: Loaded functions definitions from source: api. {"metadata":{"emulator":{"name":"functions"},"message":"Loaded functions definitions from source: api."}}
[info] +  functions[us-central1-api]: http function initialized (http://127.0.0.1:5001/clone-6ddb3/us-central1/api). {"metadata":{"emulator":{"name":"functions"},"message":"\u001b[1mhttp\u001b[22m function initialized (http://127.0.0.1:5001/clone-6ddb3/us-central1/api)."}}
[info] 
┌─────────────────────────────────────────────────────────────┐
│ ✔  All emulators ready! It is now safe to connect your app. │
│ i  View Emulator UI at http://127.0.0.1:4000/               │
└─────────────────────────────────────────────────────────────┘

┌───────────┬────────────────┬─────────────────────────────────┐
│ Emulator  │ Host:Port      │ View in Emulator UI             │
├───────────┼────────────────┼─────────────────────────────────┤
│ Functions │ 127.0.0.1:5001 │ http://127.0.0.1:4000/functions │
├───────────┼────────────────┼─────────────────────────────────┤
│ Hosting   │ 127.0.0.1:5000 │ n/a                             │
└───────────┴────────────────┴─────────────────────────────────┘
  Emulator Hub running at 127.0.0.1:4400
  Other reserved ports: 4500

Issues? Report them at https://github.com/firebase/firebase-tools/issues and attach the *-debug.log files.
 
[debug] [2023-07-15T19:09:18.677Z] File D:\Programming\ReactProjects\myapp\functions\index.js changed, reloading triggers {"metadata":{"emulator":{"name":"functions"},"message":"File D:\\Programming\\ReactProjects\\myapp\\functions\\index.js changed, reloading triggers"}}
[debug] [2023-07-15T19:09:19.681Z] Validating nodejs source
[debug] [2023-07-15T19:09:20.754Z] > [functions] package.json contents: {
  "name": "functions",
  "description": "Cloud Functions for Firebase",
  "scripts": {
    "lint": "eslint .",
    "serve": "firebase emulators:start --only functions",
    "shell": "firebase functions:shell",
    "start": "npm run shell",
    "deploy": "firebase deploy --only functions",
    "logs": "firebase functions:log"
  },
  "engines": {
    "node": "18"
  },
  "main": "index.js",
  "dependencies": {
    "express": "^4.18.2",
    "firebase-admin": "^11.8.0",
    "firebase-functions": "^4.3.1",
    "stripe": "^12.13.0"
  },
  "devDependencies": {
    "eslint": "^8.15.0",
    "eslint-config-google": "^0.14.0",
    "firebase-functions-test": "^3.1.0"
  },
  "private": true
}
[debug] [2023-07-15T19:09:20.754Z] Building nodejs source
[debug] [2023-07-15T19:09:20.754Z] Failed to find version of module node: reached end of search path D:\Programming\ReactProjects\myapp\functions\node_modules
[warn] !  functions: Your requested "node" version "18" doesn't match your global version "16". Using node@16 from host. 
[debug] [2023-07-15T19:09:20.756Z] Could not find functions.yaml. Must use http discovery
[debug] [2023-07-15T19:09:20.762Z] Found firebase-functions binary at 'D:\Programming\ReactProjects\myapp\functions\node_modules\.bin\firebase-functions'
[info] Serving at port 8427

[debug] [2023-07-15T19:09:21.290Z] Got response from /__/functions.yaml {"endpoints":{"api":{"platform":"gcfv1","availableMemoryMb":null,"timeoutSeconds":null,"minInstances":null,"maxInstances":null,"ingressSettings":null,"serviceAccountEmail":null,"vpc":null,"httpsTrigger":{},"entryPoint":"api"}},"specVersion":"v1alpha1","requiredAPIs":[]}
[info] shutdown requested via /__/quitquitquit

[info] +  functions: Loaded functions definitions from source: api. {"metadata":{"emulator":{"name":"functions"},"message":"Loaded functions definitions from source: api."}}
[debug] [2023-07-15T19:09:24.959Z] File D:\Programming\ReactProjects\myapp\functions\index.js changed, reloading triggers {"metadata":{"emulator":{"name":"functions"},"message":"File D:\\Programming\\ReactProjects\\myapp\\functions\\index.js changed, reloading triggers"}}
[debug] [2023-07-15T19:09:25.960Z] Validating nodejs source
[debug] [2023-07-15T19:09:26.924Z] > [functions] package.json contents: {
  "name": "functions",
  "description": "Cloud Functions for Firebase",
  "scripts": {
    "lint": "eslint .",
    "serve": "firebase emulators:start --only functions",
    "shell": "firebase functions:shell",
    "start": "npm run shell",
    "deploy": "firebase deploy --only functions",
    "logs": "firebase functions:log"
  },
  "engines": {
    "node": "18"
  },
  "main": "index.js",
  "dependencies": {
    "express": "^4.18.2",
    "firebase-admin": "^11.8.0",
    "firebase-functions": "^4.3.1",
    "stripe": "^12.13.0"
  },
  "devDependencies": {
    "eslint": "^8.15.0",
    "eslint-config-google": "^0.14.0",
    "firebase-functions-test": "^3.1.0"
  },
  "private": true
}
[debug] [2023-07-15T19:09:26.925Z] Building nodejs source
[debug] [2023-07-15T19:09:26.925Z] Failed to find version of module node: reached end of search path D:\Programming\ReactProjects\myapp\functions\node_modules
[warn] !  functions: Your requested "node" version "18" doesn't match your global version "16". Using node@16 from host. 
[debug] [2023-07-15T19:09:26.926Z] Could not find functions.yaml. Must use http discovery
[debug] [2023-07-15T19:09:26.931Z] Found firebase-functions binary at 'D:\Programming\ReactProjects\myapp\functions\node_modules\.bin\firebase-functions'
[info] Serving at port 8230

[debug] [2023-07-15T19:09:27.415Z] Got response from /__/functions.yaml {"endpoints":{"api":{"platform":"gcfv1","availableMemoryMb":null,"timeoutSeconds":null,"minInstances":null,"maxInstances":null,"ingressSettings":null,"serviceAccountEmail":null,"vpc":null,"httpsTrigger":{},"entryPoint":"api"}},"specVersion":"v1alpha1","requiredAPIs":[]}
[info] shutdown requested via /__/quitquitquit

[info] +  functions: Loaded functions definitions from source: api. {"metadata":{"emulator":{"name":"functions"},"message":"Loaded functions definitions from source: api."}}
[debug] [2023-07-15T19:09:27.600Z] File D:\Programming\ReactProjects\myapp\functions\index.js changed, reloading triggers {"metadata":{"emulator":{"name":"functions"},"message":"File D:\\Programming\\ReactProjects\\myapp\\functions\\index.js changed, reloading triggers"}}
[debug] [2023-07-15T19:09:28.602Z] Validating nodejs source
[debug] [2023-07-15T19:09:29.789Z] > [functions] package.json contents: {
  "name": "functions",
  "description": "Cloud Functions for Firebase",
  "scripts": {
    "lint": "eslint .",
    "serve": "firebase emulators:start --only functions",
    "shell": "firebase functions:shell",
    "start": "npm run shell",
    "deploy": "firebase deploy --only functions",
    "logs": "firebase functions:log"
  },
  "engines": {
    "node": "18"
  },
  "main": "index.js",
  "dependencies": {
    "express": "^4.18.2",
    "firebase-admin": "^11.8.0",
    "firebase-functions": "^4.3.1",
    "stripe": "^12.13.0"
  },
  "devDependencies": {
    "eslint": "^8.15.0",
    "eslint-config-google": "^0.14.0",
    "firebase-functions-test": "^3.1.0"
  },
  "private": true
}
[debug] [2023-07-15T19:09:29.789Z] Building nodejs source
[debug] [2023-07-15T19:09:29.789Z] Failed to find version of module node: reached end of search path D:\Programming\ReactProjects\myapp\functions\node_modules
[warn] !  functions: Your requested "node" version "18" doesn't match your global version "16". Using node@16 from host. 
[debug] [2023-07-15T19:09:29.790Z] Could not find functions.yaml. Must use http discovery
[debug] [2023-07-15T19:09:29.798Z] Found firebase-functions binary at 'D:\Programming\ReactProjects\myapp\functions\node_modules\.bin\firebase-functions'
[info] Serving at port 8060

[debug] [2023-07-15T19:09:30.378Z] Got response from /__/functions.yaml {"endpoints":{"api":{"platform":"gcfv1","availableMemoryMb":null,"timeoutSeconds":null,"minInstances":null,"maxInstances":null,"ingressSettings":null,"serviceAccountEmail":null,"vpc":null,"httpsTrigger":{},"entryPoint":"api"}},"specVersion":"v1alpha1","requiredAPIs":[]}
[info] shutdown requested via /__/quitquitquit

[info] +  functions: Loaded functions definitions from source: api. {"metadata":{"emulator":{"name":"functions"},"message":"Loaded functions definitions from source: api."}}
[debug] [2023-07-15T19:10:25.551Z] [work-queue] {"queuedWork":["/clone-6ddb3/us-central1/api-2023-07-15T19:10:25.551Z"],"queueLength":1,"runningWork":[],"workRunningCount":0}
[debug] [2023-07-15T19:10:25.551Z] [work-queue] {"queuedWork":[],"queueLength":0,"runningWork":["/clone-6ddb3/us-central1/api-2023-07-15T19:10:25.551Z"],"workRunningCount":1}
[debug] [2023-07-15T19:10:25.551Z] Accepted request GET /clone-6ddb3/us-central1/api --> us-central1-api
[debug] [2023-07-15T19:10:25.555Z] [functions] Runtime ready! Sending request! {"metadata":{"emulator":{"name":"functions"},"message":"[functions] Runtime ready! Sending request!"}}
[debug] [2023-07-15T19:10:25.555Z] [functions] Got req.url=/clone-6ddb3/us-central1/api, mapping to path=/ {"metadata":{"emulator":{"name":"functions"},"message":"[functions] Got req.url=/clone-6ddb3/us-central1/api, mapping to path=/"}}
[debug] [2023-07-15T19:10:25.660Z] [worker-pool] addWorker(us-central1-api) {"metadata":{"emulator":{"name":"functions"},"message":"[worker-pool] addWorker(us-central1-api)"}}
[debug] [2023-07-15T19:10:25.662Z] [worker-pool] Adding worker with key us-central1-api, total=1 {"metadata":{"emulator":{"name":"functions"},"message":"[worker-pool] Adding worker with key us-central1-api, total=1"}}
[debug] [2023-07-15T19:10:27.036Z] [runtime-status] [13196] Resolved module firebase-admin {"declared":true,"installed":true,"version":"11.10.1","resolution":"D:\\Programming\\ReactProjects\\myapp\\functions\\node_modules\\firebase-admin\\lib\\index.js"} {"metadata":{"emulator":{"name":"functions"},"function":{"name":"us-central1-api"},"extension":{},"message":"[runtime-status] [13196] Resolved module firebase-admin {\"declared\":true,\"installed\":true,\"version\":\"11.10.1\",\"resolution\":\"D:\\\\Programming\\\\ReactProjects\\\\myapp\\\\functions\\\\node_modules\\\\firebase-admin\\\\lib\\\\index.js\"}"}}
[debug] [2023-07-15T19:10:27.037Z] [runtime-status] [13196] Resolved module firebase-functions {"declared":true,"installed":true,"version":"4.4.1","resolution":"D:\\Programming\\ReactProjects\\myapp\\functions\\node_modules\\firebase-functions\\lib\\v1\\index.js"} {"metadata":{"emulator":{"name":"functions"},"function":{"name":"us-central1-api"},"extension":{},"message":"[runtime-status] [13196] Resolved module firebase-functions {\"declared\":true,\"installed\":true,\"version\":\"4.4.1\",\"resolution\":\"D:\\\\Programming\\\\ReactProjects\\\\myapp\\\\functions\\\\node_modules\\\\firebase-functions\\\\lib\\\\v1\\\\index.js\"}"}}
[debug] [2023-07-15T19:10:27.037Z] [runtime-status] [13196] Outgoing network have been stubbed. [{"name":"http","status":"mocked"},{"name":"http","status":"mocked"},{"name":"https","status":"mocked"},{"name":"https","status":"mocked"},{"name":"net","status":"mocked"}] {"metadata":{"emulator":{"name":"functions"},"function":{"name":"us-central1-api"},"extension":{},"message":"[runtime-status] [13196] Outgoing network have been stubbed. [{\"name\":\"http\",\"status\":\"mocked\"},{\"name\":\"http\",\"status\":\"mocked\"},{\"name\":\"https\",\"status\":\"mocked\"},{\"name\":\"https\",\"status\":\"mocked\"},{\"name\":\"net\",\"status\":\"mocked\"}]"}}
[debug] [2023-07-15T19:10:27.038Z] [runtime-status] [13196] Resolved module firebase-functions {"declared":true,"installed":true,"version":"4.4.1","resolution":"D:\\Programming\\ReactProjects\\myapp\\functions\\node_modules\\firebase-functions\\lib\\v1\\index.js"} {"metadata":{"emulator":{"name":"functions"},"function":{"name":"us-central1-api"},"extension":{},"message":"[runtime-status] [13196] Resolved module firebase-functions {\"declared\":true,\"installed\":true,\"version\":\"4.4.1\",\"resolution\":\"D:\\\\Programming\\\\ReactProjects\\\\myapp\\\\functions\\\\node_modules\\\\firebase-functions\\\\lib\\\\v1\\\\index.js\"}"}}
[debug] [2023-07-15T19:10:27.244Z] [runtime-status] [13196] Checked functions.config() {"config":{}} {"metadata":{"emulator":{"name":"functions"},"function":{"name":"us-central1-api"},"extension":{},"message":"[runtime-status] [13196] Checked functions.config() {\"config\":{}}"}}
[debug] [2023-07-15T19:10:27.244Z] [runtime-status] [13196] firebase-functions has been stubbed. {"functionsResolution":{"declared":true,"installed":true,"version":"4.4.1","resolution":"D:\\Programming\\ReactProjects\\myapp\\functions\\node_modules\\firebase-functions\\lib\\v1\\index.js"}} {"metadata":{"emulator":{"name":"functions"},"function":{"name":"us-central1-api"},"extension":{},"message":"[runtime-status] [13196] firebase-functions has been stubbed. {\"functionsResolution\":{\"declared\":true,\"installed\":true,\"version\":\"4.4.1\",\"resolution\":\"D:\\\\Programming\\\\ReactProjects\\\\myapp\\\\functions\\\\node_modules\\\\firebase-functions\\\\lib\\\\v1\\\\index.js\"}}"}}
[debug] [2023-07-15T19:10:27.245Z] [runtime-status] [13196] Resolved module firebase-functions {"declared":true,"installed":true,"version":"4.4.1","resolution":"D:\\Programming\\ReactProjects\\myapp\\functions\\node_modules\\firebase-functions\\lib\\v1\\index.js"} {"metadata":{"emulator":{"name":"functions"},"function":{"name":"us-central1-api"},"extension":{},"message":"[runtime-status] [13196] Resolved module firebase-functions {\"declared\":true,\"installed\":true,\"version\":\"4.4.1\",\"resolution\":\"D:\\\\Programming\\\\ReactProjects\\\\myapp\\\\functions\\\\node_modules\\\\firebase-functions\\\\lib\\\\v1\\\\index.js\"}"}}
[debug] [2023-07-15T19:10:27.246Z] [runtime-status] [13196] Resolved module firebase-admin {"declared":true,"installed":true,"version":"11.10.1","resolution":"D:\\Programming\\ReactProjects\\myapp\\functions\\node_modules\\firebase-admin\\lib\\index.js"} {"metadata":{"emulator":{"name":"functions"},"function":{"name":"us-central1-api"},"extension":{},"message":"[runtime-status] [13196] Resolved module firebase-admin {\"declared\":true,\"installed\":true,\"version\":\"11.10.1\",\"resolution\":\"D:\\\\Programming\\\\ReactProjects\\\\myapp\\\\functions\\\\node_modules\\\\firebase-admin\\\\lib\\\\index.js\"}"}}
[debug] [2023-07-15T19:10:27.251Z] [runtime-status] [13196] Resolved module firebase-functions {"declared":true,"installed":true,"version":"4.4.1","resolution":"D:\\Programming\\ReactProjects\\myapp\\functions\\node_modules\\firebase-functions\\lib\\v1\\index.js"} {"metadata":{"emulator":{"name":"functions"},"function":{"name":"us-central1-api"},"extension":{},"message":"[runtime-status] [13196] Resolved module firebase-functions {\"declared\":true,\"installed\":true,\"version\":\"4.4.1\",\"resolution\":\"D:\\\\Programming\\\\ReactProjects\\\\myapp\\\\functions\\\\node_modules\\\\firebase-functions\\\\lib\\\\v1\\\\index.js\"}"}}
[debug] [2023-07-15T19:10:27.251Z] [runtime-status] [13196] firebase-admin has been stubbed. {"adminResolution":{"declared":true,"installed":true,"version":"11.10.1","resolution":"D:\\Programming\\ReactProjects\\myapp\\functions\\node_modules\\firebase-admin\\lib\\index.js"}} {"metadata":{"emulator":{"name":"functions"},"function":{"name":"us-central1-api"},"extension":{},"message":"[runtime-status] [13196] firebase-admin has been stubbed. {\"adminResolution\":{\"declared\":true,\"installed\":true,\"version\":\"11.10.1\",\"resolution\":\"D:\\\\Programming\\\\ReactProjects\\\\myapp\\\\functions\\\\node_modules\\\\firebase-admin\\\\lib\\\\index.js\"}}"}}
[debug] [2023-07-15T19:10:27.403Z] [runtime-status] [13196] Functions runtime initialized. {"cwd":"D:\\Programming\\ReactProjects\\myapp\\functions","node_version":"16.15.1"} {"metadata":{"emulator":{"name":"functions"},"function":{"name":"us-central1-api"},"extension":{},"message":"[runtime-status] [13196] Functions runtime initialized. {\"cwd\":\"D:\\\\Programming\\\\ReactProjects\\\\myapp\\\\functions\",\"node_version\":\"16.15.1\"}"}}
[debug] [2023-07-15T19:10:27.403Z] [runtime-status] [13196] Listening to port: \\?\pipe\fire_emu_d0ba8988a79ec9ca {"metadata":{"emulator":{"name":"functions"},"function":{"name":"us-central1-api"},"extension":{},"message":"[runtime-status] [13196] Listening to port: \\\\?\\pipe\\fire_emu_d0ba8988a79ec9ca"}}
[debug] [2023-07-15T19:10:27.439Z] [worker-us-central1-api-872948ff-538e-4652-82bd-b994a5ab8629]: IDLE {"metadata":{"emulator":{"name":"functions"},"function":{"name":"us-central1-api"},"extension":{},"message":"[worker-us-central1-api-872948ff-538e-4652-82bd-b994a5ab8629]: IDLE"}}
[debug] [2023-07-15T19:10:27.439Z] [worker-pool] submitRequest(triggerId=us-central1-api) {"metadata":{"emulator":{"name":"functions"},"message":"[worker-pool] submitRequest(triggerId=us-central1-api)"}}
[info] i  functions: Beginning execution of "us-central1-api" {"metadata":{"emulator":{"name":"functions"},"function":{"name":"us-central1-api"},"extension":{},"message":"Beginning execution of \"us-central1-api\""}}
[debug] [2023-07-15T19:10:27.440Z] [worker-us-central1-api-872948ff-538e-4652-82bd-b994a5ab8629]: BUSY {"metadata":{"emulator":{"name":"functions"},"function":{"name":"us-central1-api"},"extension":{},"message":"[worker-us-central1-api-872948ff-538e-4652-82bd-b994a5ab8629]: BUSY"}}
[debug] [2023-07-15T19:10:27.446Z] Finishing up request with event=pause {"metadata":{"emulator":{"name":"functions"},"function":{"name":"us-central1-api"},"extension":{},"message":"Finishing up request with event=pause"}}
[info] i  functions: Finished "us-central1-api" in 6.7079ms {"metadata":{"emulator":{"name":"functions"},"function":{"name":"us-central1-api"},"extension":{},"message":"Finished \"us-central1-api\" in 6.7079ms"}}
[debug] [2023-07-15T19:10:27.448Z] [worker-us-central1-api-872948ff-538e-4652-82bd-b994a5ab8629]: IDLE {"metadata":{"emulator":{"name":"functions"},"function":{"name":"us-central1-api"},"extension":{},"message":"[worker-us-central1-api-872948ff-538e-4652-82bd-b994a5ab8629]: IDLE"}}
[debug] [2023-07-15T19:10:27.448Z] Finishing up request with event=finish {"metadata":{"emulator":{"name":"functions"},"function":{"name":"us-central1-api"},"extension":{},"message":"Finishing up request with event=finish"}}
[debug] [2023-07-15T19:10:27.448Z] Finishing up request with event=close {"metadata":{"emulator":{"name":"functions"},"function":{"name":"us-central1-api"},"extension":{},"message":"Finishing up request with event=close"}}
[debug] [2023-07-15T19:10:27.448Z] [work-queue] {"queuedWork":[],"queueLength":0,"runningWork":[],"workRunningCount":0}
[debug] [2023-07-15T19:10:27.499Z] Functions emulator received unknown request at path /favicon.ico
[debug] [2023-07-15T19:15:54.749Z] File D:\Programming\ReactProjects\myapp\functions\index.js changed, reloading triggers {"metadata":{"emulator":{"name":"functions"},"message":"File D:\\Programming\\ReactProjects\\myapp\\functions\\index.js changed, reloading triggers"}}
[debug] [2023-07-15T19:15:55.753Z] Validating nodejs source
[debug] [2023-07-15T19:15:56.949Z] > [functions] package.json contents: {
  "name": "functions",
  "description": "Cloud Functions for Firebase",
  "scripts": {
    "lint": "eslint .",
    "serve": "firebase emulators:start --only functions",
    "shell": "firebase functions:shell",
    "start": "npm run shell",
    "deploy": "firebase deploy --only functions",
    "logs": "firebase functions:log"
  },
  "engines": {
    "node": "18"
  },
  "main": "index.js",
  "dependencies": {
    "express": "^4.18.2",
    "firebase-admin": "^11.8.0",
    "firebase-functions": "^4.3.1",
    "stripe": "^12.13.0"
  },
  "devDependencies": {
    "eslint": "^8.15.0",
    "eslint-config-google": "^0.14.0",
    "firebase-functions-test": "^3.1.0"
  },
  "private": true
}
[debug] [2023-07-15T19:15:56.950Z] Building nodejs source
[debug] [2023-07-15T19:15:56.950Z] Failed to find version of module node: reached end of search path D:\Programming\ReactProjects\myapp\functions\node_modules
[warn] !  functions: Your requested "node" version "18" doesn't match your global version "16". Using node@16 from host. 
[debug] [2023-07-15T19:15:56.951Z] Could not find functions.yaml. Must use http discovery
[debug] [2023-07-15T19:15:56.957Z] Found firebase-functions binary at 'D:\Programming\ReactProjects\myapp\functions\node_modules\.bin\firebase-functions'
[debug] [2023-07-15T19:15:56.964Z] File D:\Programming\ReactProjects\myapp\functions\index.js changed, reloading triggers {"metadata":{"emulator":{"name":"functions"},"message":"File D:\\Programming\\ReactProjects\\myapp\\functions\\index.js changed, reloading triggers"}}
[info] Serving at port 8531

[debug] [2023-07-15T19:15:57.667Z] Got response from /__/functions.yaml {"endpoints":{"api":{"platform":"gcfv1","availableMemoryMb":null,"timeoutSeconds":null,"minInstances":null,"maxInstances":null,"ingressSettings":null,"serviceAccountEmail":null,"vpc":null,"httpsTrigger":{},"entryPoint":"api"}},"specVersion":"v1alpha1","requiredAPIs":[]}
[info] shutdown requested via /__/quitquitquit

[info] +  functions: Loaded functions definitions from source: api. {"metadata":{"emulator":{"name":"functions"},"message":"Loaded functions definitions from source: api."}}
[debug] [2023-07-15T19:15:57.687Z] [worker-pool] Shutting down IDLE worker (us-central1-api) {"metadata":{"emulator":{"name":"functions"},"message":"[worker-pool] Shutting down IDLE worker (us-central1-api)"}}
[debug] [2023-07-15T19:15:57.687Z] [worker-us-central1-api-872948ff-538e-4652-82bd-b994a5ab8629]: FINISHING {"metadata":{"emulator":{"name":"functions"},"function":{"name":"us-central1-api"},"extension":{},"message":"[worker-us-central1-api-872948ff-538e-4652-82bd-b994a5ab8629]: FINISHING"}}
[debug] [2023-07-15T19:15:57.697Z] [worker-us-central1-api-872948ff-538e-4652-82bd-b994a5ab8629]: exited {"metadata":{"emulator":{"name":"functions"},"function":{"name":"us-central1-api"},"extension":{},"message":"[worker-us-central1-api-872948ff-538e-4652-82bd-b994a5ab8629]: exited"}}
[debug] [2023-07-15T19:15:57.697Z] [worker-us-central1-api-872948ff-538e-4652-82bd-b994a5ab8629]: FINISHED {"metadata":{"emulator":{"name":"functions"},"function":{"name":"us-central1-api"},"extension":{},"message":"[worker-us-central1-api-872948ff-538e-4652-82bd-b994a5ab8629]: FINISHED"}}
[debug] [2023-07-15T19:15:57.971Z] Validating nodejs source
[debug] [2023-07-15T19:16:00.229Z] > [functions] package.json contents: {
  "name": "functions",
  "description": "Cloud Functions for Firebase",
  "scripts": {
    "lint": "eslint .",
    "serve": "firebase emulators:start --only functions",
    "shell": "firebase functions:shell",
    "start": "npm run shell",
    "deploy": "firebase deploy --only functions",
    "logs": "firebase functions:log"
  },
  "engines": {
    "node": "18"
  },
  "main": "index.js",
  "dependencies": {
    "express": "^4.18.2",
    "firebase-admin": "^11.8.0",
    "firebase-functions": "^4.3.1",
    "stripe": "^12.13.0"
  },
  "devDependencies": {
    "eslint": "^8.15.0",
    "eslint-config-google": "^0.14.0",
    "firebase-functions-test": "^3.1.0"
  },
  "private": true
}
[debug] [2023-07-15T19:16:00.230Z] Building nodejs source
[debug] [2023-07-15T19:16:00.230Z] Failed to find version of module node: reached end of search path D:\Programming\ReactProjects\myapp\functions\node_modules
[warn] !  functions: Your requested "node" version "18" doesn't match your global version "16". Using node@16 from host. 
[debug] [2023-07-15T19:16:00.231Z] Could not find functions.yaml. Must use http discovery
[debug] [2023-07-15T19:16:00.236Z] Found firebase-functions binary at 'D:\Programming\ReactProjects\myapp\functions\node_modules\.bin\firebase-functions'
[info] Serving at port 8001

[debug] [2023-07-15T19:16:00.803Z] Got response from /__/functions.yaml {"endpoints":{"api":{"platform":"gcfv1","availableMemoryMb":null,"timeoutSeconds":null,"minInstances":null,"maxInstances":null,"ingressSettings":null,"serviceAccountEmail":null,"vpc":null,"httpsTrigger":{},"entryPoint":"api"}},"specVersion":"v1alpha1","requiredAPIs":[]}
[info] shutdown requested via /__/quitquitquit

[info] +  functions: Loaded functions definitions from source: api. {"metadata":{"emulator":{"name":"functions"},"message":"Loaded functions definitions from source: api."}}
[debug] [2023-07-15T19:16:01.329Z] File D:\Programming\ReactProjects\myapp\functions\index.js changed, reloading triggers {"metadata":{"emulator":{"name":"functions"},"message":"File D:\\Programming\\ReactProjects\\myapp\\functions\\index.js changed, reloading triggers"}}
[debug] [2023-07-15T19:16:02.339Z] Validating nodejs source
[debug] [2023-07-15T19:16:03.351Z] > [functions] package.json contents: {
  "name": "functions",
  "description": "Cloud Functions for Firebase",
  "scripts": {
    "lint": "eslint .",
    "serve": "firebase emulators:start --only functions",
    "shell": "firebase functions:shell",
    "start": "npm run shell",
    "deploy": "firebase deploy --only functions",
    "logs": "firebase functions:log"
  },
  "engines": {
    "node": "18"
  },
  "main": "index.js",
  "dependencies": {
    "express": "^4.18.2",
    "firebase-admin": "^11.8.0",
    "firebase-functions": "^4.3.1",
    "stripe": "^12.13.0"
  },
  "devDependencies": {
    "eslint": "^8.15.0",
    "eslint-config-google": "^0.14.0",
    "firebase-functions-test": "^3.1.0"
  },
  "private": true
}
[debug] [2023-07-15T19:16:03.351Z] Building nodejs source
[debug] [2023-07-15T19:16:03.351Z] Failed to find version of module node: reached end of search path D:\Programming\ReactProjects\myapp\functions\node_modules
[warn] !  functions: Your requested "node" version "18" doesn't match your global version "16". Using node@16 from host. 
[debug] [2023-07-15T19:16:03.353Z] Could not find functions.yaml. Must use http discovery
[debug] [2023-07-15T19:16:03.360Z] Found firebase-functions binary at 'D:\Programming\ReactProjects\myapp\functions\node_modules\.bin\firebase-functions'
[info] Serving at port 8143

[debug] [2023-07-15T19:16:03.907Z] Got response from /__/functions.yaml {"endpoints":{"api":{"platform":"gcfv1","availableMemoryMb":null,"timeoutSeconds":null,"minInstances":null,"maxInstances":null,"ingressSettings":null,"serviceAccountEmail":null,"vpc":null,"httpsTrigger":{},"entryPoint":"api"}},"specVersion":"v1alpha1","requiredAPIs":[]}
[info] shutdown requested via /__/quitquitquit

[info] +  functions: Loaded functions definitions from source: api. {"metadata":{"emulator":{"name":"functions"},"message":"Loaded functions definitions from source: api."}}
[debug] [2023-07-15T19:27:13.727Z] Received signal SIGHUP 1
